<?xml version="1.0" encoding="UTF-8"?>
<!-- Generated by org.testng.reporters.JUnitXMLReporter -->
<testsuite hostname="pradhanssingh" ignored="0" name="New Tour test" tests="6" failures="0" timestamp="13 Jun 2020 04:36:21 GMT" time="20.967" errors="0">
  <testcase name="loginToSite" time="4.094" classname="com.nt.test.FlightBookingTest"/>
  <testcase name="bookingDetails" time="5.006" classname="com.nt.test.FlightBookingTest"/>
  <testcase name="FlightSelection" time="4.319" classname="com.nt.test.FlightBookingTest"/>
  <testcase name="passengerDetails" time="1.218" classname="com.nt.test.FlightBookingTest"/>
  <testcase name="billAddressDetails" time="0.732" classname="com.nt.test.FlightBookingTest"/>
  <testcase name="delAddressDetails" time="4.981" classname="com.nt.test.FlightBookingTest"/>
</testsuite> <!-- New Tour test -->
