<?xml version="1.0" encoding="UTF-8"?>
<!-- Generated by org.testng.reporters.JUnitXMLReporter -->
<testsuite hostname="pradhanssingh" ignored="0" name="firefox" tests="1" failures="0" timestamp="08 May 2020 11:18:07 GMT" time="0.06" errors="0">
  <testcase name="@BeforeClass setUp" time="0.024" classname="selenium.AllLinks">
    <failure type="java.lang.NoClassDefFoundError" message="org/apache/http/client/methods/HttpRequestBase">
      <![CDATA[java.lang.NoClassDefFoundError: org/apache/http/client/methods/HttpRequestBase
at selenium.AllLinks.setUp(AllLinks.java:30)
Caused by: java.lang.ClassNotFoundException: org.apache.http.client.methods.HttpRequestBase
at java.net.URLClassLoader.findClass(Unknown Source)
at java.lang.ClassLoader.loadClass(Unknown Source)
at sun.misc.Launcher$AppClassLoader.loadClass(Unknown Source)
at java.lang.ClassLoader.loadClass(Unknown Source)
... 27 more
... Removed 26 stack frames]]>
    </failure>
  </testcase> <!-- @BeforeClass setUp -->
  <testcase name="@AfterClass tearDown" time="0.0" classname="selenium.AllLinks">
    <skipped/>
  </testcase> <!-- @AfterClass tearDown -->
  <testcase name="links" time="0.0" classname="selenium.AllLinks">
    <skipped/>
  </testcase> <!-- links -->
</testsuite> <!-- firefox -->
