<?xml version="1.0" encoding="UTF-8"?>
<testng-results skipped="0" failed="0" ignored="0" total="6" passed="6">
  <reporter-output>
  </reporter-output>
  <suite name="NewTour Automation" duration-ms="14710" started-at="2020-05-22T23:45:48 IST" finished-at="2020-05-22T23:46:03 IST">
    <groups>
    </groups>
    <test name="New Tour test" duration-ms="14710" started-at="2020-05-22T23:45:48 IST" finished-at="2020-05-22T23:46:03 IST">
      <class name="com.nt.test.FlightBookingTest">
        <test-method status="PASS" signature="setUp(java.lang.String)[pri:0, instance:com.nt.test.FlightBookingTest@57e1b0c]" name="setUp" is-config="true" duration-ms="8788" started-at="2020-05-22T23:45:39 IST" finished-at="2020-05-22T23:45:48 IST">
          <params>
            <param index="0">
              <value>
                <![CDATA[chrome]]>
              </value>
            </param>
          </params>
          <reporter-output>
          </reporter-output>
        </test-method> <!-- setUp -->
        <test-method status="PASS" signature="loginToSite()[pri:1, instance:com.nt.test.FlightBookingTest@57e1b0c]" name="loginToSite" duration-ms="3342" started-at="2020-05-22T23:45:48 IST" finished-at="2020-05-22T23:45:51 IST">
          <reporter-output>
          </reporter-output>
        </test-method> <!-- loginToSite -->
        <test-method status="PASS" signature="bookingDetails(java.lang.String, java.lang.String, java.lang.String, java.lang.String, java.lang.String, java.lang.String, java.lang.String, java.lang.String, java.lang.String, java.lang.String)[pri:2, instance:com.nt.test.FlightBookingTest@57e1b0c]" name="bookingDetails" duration-ms="1848" started-at="2020-05-22T23:45:52 IST" data-provider="flightBookingData" finished-at="2020-05-22T23:45:54 IST">
          <params>
            <param index="0">
              <value>
                <![CDATA[roundtrip]]>
              </value>
            </param>
            <param index="1">
              <value>
                <![CDATA[2]]>
              </value>
            </param>
            <param index="2">
              <value>
                <![CDATA[New York]]>
              </value>
            </param>
            <param index="3">
              <value>
                <![CDATA[June]]>
              </value>
            </param>
            <param index="4">
              <value>
                <![CDATA[10]]>
              </value>
            </param>
            <param index="5">
              <value>
                <![CDATA[Paris]]>
              </value>
            </param>
            <param index="6">
              <value>
                <![CDATA[June]]>
              </value>
            </param>
            <param index="7">
              <value>
                <![CDATA[20]]>
              </value>
            </param>
            <param index="8">
              <value>
                <![CDATA[First]]>
              </value>
            </param>
            <param index="9">
              <value>
                <![CDATA[Blue Skies Airlines]]>
              </value>
            </param>
          </params>
          <reporter-output>
          </reporter-output>
        </test-method> <!-- bookingDetails -->
        <test-method status="PASS" signature="FlightSelection(java.lang.String, java.lang.String)[pri:3, instance:com.nt.test.FlightBookingTest@57e1b0c]" name="FlightSelection" duration-ms="1359" started-at="2020-05-22T23:45:54 IST" data-provider="flightBookingData" finished-at="2020-05-22T23:45:55 IST">
          <params>
            <param index="0">
              <value>
                <![CDATA[2]]>
              </value>
            </param>
            <param index="1">
              <value>
                <![CDATA[3]]>
              </value>
            </param>
          </params>
          <reporter-output>
          </reporter-output>
        </test-method> <!-- FlightSelection -->
        <test-method status="PASS" signature="passengerDetails(java.lang.String, java.lang.String, java.lang.String, java.lang.String, java.lang.String, java.lang.String, java.lang.String, java.lang.String, java.lang.String, java.lang.String)[pri:4, instance:com.nt.test.FlightBookingTest@57e1b0c]" name="passengerDetails" duration-ms="1978" started-at="2020-05-22T23:45:55 IST" data-provider="flightBookingData" finished-at="2020-05-22T23:45:57 IST">
          <params>
            <param index="0">
              <value>
                <![CDATA[pradhan&manoj]]>
              </value>
            </param>
            <param index="1">
              <value>
                <![CDATA[singh&ramawat]]>
              </value>
            </param>
            <param index="2">
              <value>
                <![CDATA[Hindu&Kosher]]>
              </value>
            </param>
            <param index="3">
              <value>
                <![CDATA[Visa]]>
              </value>
            </param>
            <param index="4">
              <value>
                <![CDATA[123467890]]>
              </value>
            </param>
            <param index="5">
              <value>
                <![CDATA[09]]>
              </value>
            </param>
            <param index="6">
              <value>
                <![CDATA[2010]]>
              </value>
            </param>
            <param index="7">
              <value>
                <![CDATA[pradhan]]>
              </value>
            </param>
            <param index="8">
              <value>
                <![CDATA[singh]]>
              </value>
            </param>
            <param index="9">
              <value>
                <![CDATA[meena]]>
              </value>
            </param>
          </params>
          <reporter-output>
          </reporter-output>
        </test-method> <!-- passengerDetails -->
        <test-method status="PASS" signature="billAddressDetails(java.lang.String, java.lang.String, java.lang.String, java.lang.String, java.lang.String, java.lang.String)[pri:5, instance:com.nt.test.FlightBookingTest@57e1b0c]" name="billAddressDetails" duration-ms="1109" started-at="2020-05-22T23:45:57 IST" data-provider="flightBookingData" finished-at="2020-05-22T23:45:59 IST">
          <params>
            <param index="0">
              <value>
                <![CDATA[Central Silk Board]]>
              </value>
            </param>
            <param index="1">
              <value>
                <![CDATA[BTM Layout]]>
              </value>
            </param>
            <param index="2">
              <value>
                <![CDATA[Bangalore]]>
              </value>
            </param>
            <param index="3">
              <value>
                <![CDATA[Karnataka]]>
              </value>
            </param>
            <param index="4">
              <value>
                <![CDATA[560068]]>
              </value>
            </param>
            <param index="5">
              <value>
                <![CDATA[INDIA]]>
              </value>
            </param>
          </params>
          <reporter-output>
          </reporter-output>
        </test-method> <!-- billAddressDetails -->
        <test-method status="PASS" signature="delAddressDetails(java.lang.String, java.lang.String, java.lang.String, java.lang.String, java.lang.String, java.lang.String)[pri:6, instance:com.nt.test.FlightBookingTest@57e1b0c]" name="delAddressDetails" duration-ms="3984" started-at="2020-05-22T23:45:59 IST" data-provider="flightBookingData" finished-at="2020-05-22T23:46:03 IST">
          <params>
            <param index="0">
              <value>
                <![CDATA[Central Silk Board]]>
              </value>
            </param>
            <param index="1">
              <value>
                <![CDATA[BTM Layout]]>
              </value>
            </param>
            <param index="2">
              <value>
                <![CDATA[Bangalore]]>
              </value>
            </param>
            <param index="3">
              <value>
                <![CDATA[Karnataka]]>
              </value>
            </param>
            <param index="4">
              <value>
                <![CDATA[560068]]>
              </value>
            </param>
            <param index="5">
              <value>
                <![CDATA[INDIA]]>
              </value>
            </param>
          </params>
          <reporter-output>
          </reporter-output>
        </test-method> <!-- delAddressDetails -->
        <test-method status="PASS" signature="tesrDown()[pri:0, instance:com.nt.test.FlightBookingTest@57e1b0c]" name="tesrDown" is-config="true" duration-ms="1074" started-at="2020-05-22T23:46:03 IST" finished-at="2020-05-22T23:46:04 IST">
          <reporter-output>
          </reporter-output>
        </test-method> <!-- tesrDown -->
      </class> <!-- com.nt.test.FlightBookingTest -->
    </test> <!-- New Tour test -->
  </suite> <!-- NewTour Automation -->
</testng-results>
