<?xml version="1.0" encoding="UTF-8"?>
<!-- Generated by org.testng.reporters.JUnitXMLReporter -->
<testsuite hostname="pradhanssingh" ignored="0" name="Application Test" tests="4" failures="0" timestamp="24 Apr 2020 16:04:19 GMT" time="0.057" errors="0">
  <testcase name="testMethod1" time="0.006" classname="testclasses.TestNG_TestClass1"/>
  <testcase name="testMethod2" time="0.001" classname="testclasses.TestNG_TestClass1"/>
  <testcase name="testMethod1" time="0.0" classname="testclasses.TestNG_TestClass2"/>
  <testcase name="testMethod2" time="0.001" classname="testclasses.TestNG_TestClass2"/>
</testsuite> <!-- Application Test -->
