<?xml version="1.0" encoding="UTF-8"?>
<!-- Generated by org.testng.reporters.JUnitXMLReporter -->
<testsuite hostname="pradhanssingh" ignored="0" name="Test 1" tests="4" failures="0" timestamp="21 Jun 2020 14:07:31 GMT" time="0.052" errors="0">
  <testcase name="testMethod1" time="0.012" classname="testclasses.TestNG_Preserve1"/>
  <testcase name="testMethod2" time="0.0" classname="testclasses.TestNG_Preserve1"/>
  <testcase name="testMethod1" time="0.0" classname="testclasses.TestNG_Preserve2"/>
  <testcase name="testMethod2" time="0.0" classname="testclasses.TestNG_Preserve2"/>
</testsuite> <!-- Test 1 -->
