<?xml version="1.0" encoding="UTF-8"?>
<!-- Generated by org.testng.reporters.JUnitXMLReporter -->
<testsuite hostname="pradhanssingh" ignored="0" name="New Tour test" tests="6" failures="0" timestamp="2020-05-22T23:46:03 IST" time="14.71" errors="0">
  <testcase name="loginToSite" time="3.342" classname="com.nt.test.FlightBookingTest"/>
  <testcase name="bookingDetails" time="1.848" classname="com.nt.test.FlightBookingTest"/>
  <testcase name="FlightSelection" time="1.359" classname="com.nt.test.FlightBookingTest"/>
  <testcase name="passengerDetails" time="1.978" classname="com.nt.test.FlightBookingTest"/>
  <testcase name="billAddressDetails" time="1.109" classname="com.nt.test.FlightBookingTest"/>
  <testcase name="delAddressDetails" time="3.984" classname="com.nt.test.FlightBookingTest"/>
</testsuite> <!-- New Tour test -->
