<?xml version="1.0" encoding="UTF-8"?>
<!-- Generated by org.testng.reporters.JUnitXMLReporter -->
<testsuite hostname="pradhanssingh" ignored="1" name="Default test(failed)(failed)(failed)" tests="1" failures="0" timestamp="20 Jun 2020 07:19:19 GMT" time="20.059" errors="0">
  <testcase name="method2" time="11.072" classname="actionsclass.DragAndDrop"/>
  <testcase name="method1" time="0.0" classname="actionsclass.DragAndDrop">
    <ignored/>
  </testcase> <!-- method1 -->
</testsuite> <!-- Default test(failed)(failed)(failed) -->
