<?xml version="1.0" encoding="UTF-8"?>
<!-- Generated by org.testng.reporters.JUnitXMLReporter -->
<testsuite hostname="pradhanssingh" ignored="0" name="testclassdemo" tests="1" failures="1" timestamp="2020-05-22T15:42:41 IST" time="0.695" errors="0">
  <testcase name="test" time="0.137" classname="com.nt.test.TestClassDemo">
    <failure type="java.lang.AssertionError" message="expected [true] but found [false]">
      <![CDATA[java.lang.AssertionError: expected [true] but found [false]
at com.nt.test.TestClassDemo.test(TestClassDemo.java:28)
at java.util.ArrayList.forEach(Unknown Source)
... Removed 31 stack frames]]>
    </failure>
  </testcase> <!-- test -->
</testsuite> <!-- testclassdemo -->
