<?xml version="1.0" encoding="UTF-8"?>
<!-- Generated by org.testng.reporters.JUnitXMLReporter -->
<testsuite hostname="pradhanssingh" ignored="0" name="test2" tests="3" failures="1" timestamp="21 Jun 2020 15:52:33 GMT" time="0.06" errors="0">
  <testcase name="testMethod2" time="0.01" classname="testclasses.TestNG_ListenersTest2">
    <failure type="java.lang.AssertionError" message="expected [true] but found [false]">
      <![CDATA[java.lang.AssertionError: expected [true] but found [false]
at testclasses.TestNG_ListenersTest2.testMethod2(TestNG_ListenersTest2.java:35)
... Removed 29 stack frames]]>
    </failure>
  </testcase> <!-- testMethod2 -->
  <testcase name="testMethod1" time="0.001" classname="testclasses.TestNG_ListenersTest2"/>
  <testcase name="testMethod3" time="0.0" classname="testclasses.TestNG_ListenersTest2">
    <skipped/>
  </testcase> <!-- testMethod3 -->
</testsuite> <!-- test2 -->
