<?xml version="1.0" encoding="UTF-8"?>
<testng-results skipped="0" failed="0" ignored="0" total="1" passed="1">
  <reporter-output>
  </reporter-output>
  <suite name="Default suite" duration-ms="27064" started-at="2020-06-21T10:09:35Z" finished-at="2020-06-21T10:10:02Z">
    <groups>
    </groups>
    <test name="Default test" duration-ms="27064" started-at="2020-06-21T10:09:35Z" finished-at="2020-06-21T10:10:02Z">
      <class name="webdrivereventlistener.WDEListeners">
        <test-method status="PASS" signature="setUp()[pri:0, instance:webdrivereventlistener.WDEListeners@5167f57d]" name="setUp" is-config="true" duration-ms="5525" started-at="2020-06-21T10:09:35Z" finished-at="2020-06-21T10:09:41Z">
          <reporter-output>
          </reporter-output>
        </test-method> <!-- setUp -->
        <test-method status="PASS" signature="test()[pri:0, instance:webdrivereventlistener.WDEListeners@5167f57d]" name="test" duration-ms="20874" started-at="2020-06-21T10:09:41Z" finished-at="2020-06-21T10:10:01Z">
          <reporter-output>
          </reporter-output>
        </test-method> <!-- test -->
        <test-method status="PASS" signature="tearDown()[pri:0, instance:webdrivereventlistener.WDEListeners@5167f57d]" name="tearDown" is-config="true" duration-ms="648" started-at="2020-06-21T10:10:01Z" finished-at="2020-06-21T10:10:02Z">
          <reporter-output>
          </reporter-output>
        </test-method> <!-- tearDown -->
      </class> <!-- webdrivereventlistener.WDEListeners -->
    </test> <!-- Default test -->
  </suite> <!-- Default suite -->
</testng-results>
