<?xml version="1.0" encoding="UTF-8"?>
<!-- Generated by org.testng.reporters.JUnitXMLReporter -->
<testsuite hostname="pradhanssingh" ignored="1" name="test 1" tests="2" failures="1" timestamp="24 Apr 2020 12:18:15 GMT" time="0.025" errors="0">
  <testcase name="testMethod1" time="0.004" classname="testclasses.TestNG_ReportsAndLogs"/>
  <testcase name="testMethod2" time="0.002" classname="testclasses.TestNG_ReportsAndLogs">
    <failure type="java.lang.AssertionError" message="expected [true] but found [false]">
      <![CDATA[java.lang.AssertionError: expected [true] but found [false]
at testclasses.TestNG_ReportsAndLogs.testMethod2(TestNG_ReportsAndLogs.java:26)
... Removed 29 stack frames]]>
    </failure>
  </testcase> <!-- testMethod2 -->
  <testcase name="testMethod3" time="0.0" classname="testclasses.TestNG_ReportsAndLogs">
    <ignored/>
  </testcase> <!-- testMethod3 -->
</testsuite> <!-- test 1 -->
