<?xml version="1.0" encoding="UTF-8"?>
<!-- Generated by org.testng.reporters.JUnitXMLReporter -->
<testsuite hostname="pradhanssingh" ignored="0" name="NewTour test cases" tests="3" failures="0" timestamp="17 May 2020 16:45:10 GMT" time="32.295" errors="0">
  <testcase name="pageTitleTest" time="0.013" classname="com.nt.test.LoginPageTest"/>
  <testcase name="arubaImageTest" time="0.189" classname="com.nt.test.LoginPageTest"/>
  <testcase name="loginTest" time="7.789" classname="com.nt.test.LoginPageTest"/>
</testsuite> <!-- NewTour test cases -->
